{
  "stats": {
    "suites": 1,
    "tests": 5,
    "passes": 4,
    "pending": 0,
    "failures": 1,
    "start": "2023-11-22T21:19:42.231Z",
    "end": "2023-11-22T21:19:49.124Z",
    "duration": 6893,
    "testsRegistered": 5,
    "passPercent": 80,
    "pendingPercent": 0,
    "other": 0,
    "hasOther": false,
    "skipped": 0,
    "hasSkipped": false
  },
  "results": [
    {
      "uuid": "025a7f4b-12c1-4d80-be0e-325c9cda3fd1",
      "title": "",
      "fullFile": "cypress\\e2e\\2-advanced-examples\\practicas\\login.cy.js",
      "file": "cypress\\e2e\\2-advanced-examples\\practicas\\login.cy.js",
      "beforeHooks": [],
      "afterHooks": [],
      "tests": [],
      "suites": [
        {
          "uuid": "a3ba245d-a2eb-4275-b9e7-9abe67e49814",
          "title": "Sin loguar",
          "fullFile": "",
          "file": "",
          "beforeHooks": [],
          "afterHooks": [],
          "tests": [
            {
              "title": "SIN LOGUAR",
              "fullTitle": "Sin loguar SIN LOGUAR",
              "timedOut": null,
              "duration": 1291,
              "state": "failed",
              "speed": null,
              "pass": false,
              "fail": true,
              "pending": false,
              "context": null,
              "code": "cy.visit('https://the-internet.herokuapp.com/basic_auth');\ncy.get('P').should(\"include.text\", \"Congratulations\");",
              "err": {
                "message": "CypressError: `cy.visit()` failed trying to load:\n\nhttps://the-internet.herokuapp.com/basic_auth\n\nThe response we received from your web server was:\n\n  > 401: Unauthorized\n\nThis was considered a failure because the status code was not `2xx`.\n\nIf you do not want status codes to cause failures pass the option: `failOnStatusCode: false`",
                "estack": "CypressError: `cy.visit()` failed trying to load:\n\nhttps://the-internet.herokuapp.com/basic_auth\n\nThe response we received from your web server was:\n\n  > 401: Unauthorized\n\nThis was considered a failure because the status code was not `2xx`.\n\nIf you do not want status codes to cause failures pass the option: `failOnStatusCode: false`\n    at <unknown> (http://localhost:59488/__cypress/runner/cypress_runner.js:130980:76)\n    at visitFailedByErr (http://localhost:59488/__cypress/runner/cypress_runner.js:130388:12)\n    at <unknown> (http://localhost:59488/__cypress/runner/cypress_runner.js:130963:13)\n    at tryCatcher (http://localhost:59488/__cypress/runner/cypress_runner.js:1807:23)\n    at Promise._settlePromiseFromHandler (http://localhost:59488/__cypress/runner/cypress_runner.js:1519:31)\n    at Promise._settlePromise (http://localhost:59488/__cypress/runner/cypress_runner.js:1576:18)\n    at Promise._settlePromise0 (http://localhost:59488/__cypress/runner/cypress_runner.js:1621:10)\n    at Promise._settlePromises (http://localhost:59488/__cypress/runner/cypress_runner.js:1697:18)\n    at _drainQueueStep (http://localhost:59488/__cypress/runner/cypress_runner.js:2407:12)\n    at _drainQueue (http://localhost:59488/__cypress/runner/cypress_runner.js:2400:9)\n    at Async._drainQueues (http://localhost:59488/__cypress/runner/cypress_runner.js:2416:5)\n    at Async.drainQueues (http://localhost:59488/__cypress/runner/cypress_runner.js:2286:14)\nFrom Your Spec Code:\n    at Context.eval (webpack://cypress/./cypress/e2e/2-advanced-examples/practicas/login.cy.js:3:11)",
                "diff": null
              },
              "uuid": "8461e46e-2063-4347-80b2-64950736a83b",
              "parentUUID": "a3ba245d-a2eb-4275-b9e7-9abe67e49814",
              "isHook": false,
              "skipped": false
            },
            {
              "title": "Logua usando auth de Cypress",
              "fullTitle": "Sin loguar Logua usando auth de Cypress",
              "timedOut": null,
              "duration": 2036,
              "state": "passed",
              "speed": "fast",
              "pass": true,
              "fail": false,
              "pending": false,
              "context": null,
              "code": "//loguarse con auth que cypress tiene configurado/manera correcta\ncy.visit('https://the-internet.herokuapp.com/basic_auth', {\n  auth: {\n    username: \"admin\",\n    password: \"admin\"\n  }\n});\ncy.get('P').should(\"include.text\", \"Congratulations\");",
              "err": {},
              "uuid": "6c57fd8e-7eb7-4cee-b86a-36a2efaaf40a",
              "parentUUID": "a3ba245d-a2eb-4275-b9e7-9abe67e49814",
              "isHook": false,
              "skipped": false
            },
            {
              "title": "Con credenciales en la URL",
              "fullTitle": "Sin loguar Con credenciales en la URL",
              "timedOut": null,
              "duration": 254,
              "state": "passed",
              "speed": "fast",
              "pass": true,
              "fail": false,
              "pending": false,
              "context": null,
              "code": "//Validacion con admin:admin@- otra manera de loguarse\ncy.visit('https://admin:admin@the-internet.herokuapp.com/basic_auth');\ncy.get('P').should(\"include.text\", \"Congratulations\");",
              "err": {},
              "uuid": "e96a8652-7a91-40ec-ae8b-8e91bef5c013",
              "parentUUID": "a3ba245d-a2eb-4275-b9e7-9abe67e49814",
              "isHook": false,
              "skipped": false
            },
            {
              "title": "Hago un login en un form, usando un request del tipo Post",
              "fullTitle": "Sin loguar Hago un login en un form, usando un request del tipo Post",
              "timedOut": null,
              "duration": 870,
              "state": "passed",
              "speed": "fast",
              "pass": true,
              "fail": false,
              "pending": false,
              "context": null,
              "code": "cy.visit('https://the-internet.herokuapp.com/');\ncy.request({\n  method: 'post',\n  url: '/authenticate',\n  form: true,\n  body: {\n    username: \"tomsmith\",\n    password: \"SuperSecretPassword!\"\n  }\n});\ncy.getCookie(\"rack.session\").should(\"exist\");\ncy.visit('https://the-internet.herokuapp.com/secure');\ncy.get('.subheader').should(\"include.text\", \"Welcome to the Secure Area.\");",
              "err": {},
              "uuid": "a243ae4b-a9ca-41f4-a2fe-ba7cbd8b8320",
              "parentUUID": "a3ba245d-a2eb-4275-b9e7-9abe67e49814",
              "isHook": false,
              "skipped": false
            },
            {
              "title": "MIsmo Test de arriba pero con el login de comando personalizado",
              "fullTitle": "Sin loguar MIsmo Test de arriba pero con el login de comando personalizado",
              "timedOut": null,
              "duration": 848,
              "state": "passed",
              "speed": "fast",
              "pass": true,
              "fail": false,
              "pending": false,
              "context": null,
              "code": "cy.login();\ncy.get('.subheader').should(\"include.text\", \"Welcome to the Secure Area.\");",
              "err": {},
              "uuid": "86f5f041-b336-4a60-84fe-9cd2a8e706e8",
              "parentUUID": "a3ba245d-a2eb-4275-b9e7-9abe67e49814",
              "isHook": false,
              "skipped": false
            }
          ],
          "suites": [],
          "passes": [
            "6c57fd8e-7eb7-4cee-b86a-36a2efaaf40a",
            "e96a8652-7a91-40ec-ae8b-8e91bef5c013",
            "a243ae4b-a9ca-41f4-a2fe-ba7cbd8b8320",
            "86f5f041-b336-4a60-84fe-9cd2a8e706e8"
          ],
          "failures": [
            "8461e46e-2063-4347-80b2-64950736a83b"
          ],
          "pending": [],
          "skipped": [],
          "duration": 5299,
          "root": false,
          "rootEmpty": false,
          "_timeout": 2000
        }
      ],
      "passes": [],
      "failures": [],
      "pending": [],
      "skipped": [],
      "duration": 0,
      "root": true,
      "rootEmpty": true,
      "_timeout": 2000
    }
  ],
  "meta": {
    "mocha": {
      "version": "7.0.1"
    },
    "mochawesome": {
      "options": {
        "quiet": false,
        "reportFilename": "mochawesome",
        "saveHtml": true,
        "saveJson": true,
        "consoleReporter": "spec",
        "useInlineDiffs": false,
        "code": true
      },
      "version": "7.1.3"
    },
    "marge": {
      "options": null,
      "version": "6.2.0"
    }
  }
}